Nov 23 07:20:43.000 [notice] Tor 0.4.8.19 (git-ffe63d09dc162ca1) opening new log file.
Nov 23 07:20:43.687 [notice] We compiled with OpenSSL 30500040: OpenSSL 3.5.4 30 Sep 2025 and we are running with OpenSSL 30500040: 3.5.4. These two versions should be binary compatible.
Nov 23 07:20:43.691 [notice] Tor 0.4.8.19 (git-ffe63d09dc162ca1) running on Windows 8 [or later] with Libevent 2.1.12-stable, OpenSSL 3.5.4, Zlib 1.3.1, Liblzma N/A, Libzstd N/A and Unknown N/A as libc.
Nov 23 07:20:43.691 [notice] Tor can't help you if you use it wrong! Learn how to be safe at https://support.torproject.org/faq/staying-anonymous/
Nov 23 07:20:43.702 [notice] Read configuration file "C:\Windows\TorPortable\torrc.txt".
Nov 23 07:20:43.703 [warn] Path for DataDirectory (../data/user-data) is relative and will resolve to C:\Windows\TorPortable\data\user-data. Is this what you wanted?
Nov 23 07:20:43.703 [warn] Path for GeoIPFile (geoip) is relative and will resolve to C:\Windows\TorPortable\tor\geoip. Is this what you wanted?
Nov 23 07:20:43.703 [warn] Path for GeoIPv6File (geoip6) is relative and will resolve to C:\Windows\TorPortable\tor\geoip6. Is this what you wanted?
Nov 23 07:20:43.704 [notice] Opening Socks listener on 127.0.0.1:9050
Nov 23 07:20:43.704 [notice] Opened Socks listener connection (ready) on 127.0.0.1:9050
Nov 23 07:20:43.000 [warn] Your log may contain sensitive information - you disabled SafeLogging. Don't log unless it serves an important reason. Overwrite the log afterwards.
Nov 23 07:20:43.000 [notice] Parsing GEOIP IPv4 file geoip.
Nov 23 07:20:43.000 [notice] Parsing GEOIP IPv6 file geoip6.
Nov 23 07:20:44.000 [notice] Set list of supported TLS groups to: ?*X25519MLKEM768 / ?SecP256r1MLKEM768 / *P-256:?X25519:P-224
Nov 23 07:20:44.000 [notice] Bootstrapped 0% (starting): Starting
Nov 23 07:20:44.000 [notice] Starting with guard context "bridges"
Nov 23 07:20:44.000 [notice] Delaying directory fetches: No running bridges
Nov 23 07:20:45.000 [notice] Bootstrapped 1% (conn_pt): Connecting to pluggable transport
Nov 23 07:20:45.000 [notice] We'd like to launch a circuit to handle a connection, but we already have 1 general-purpose client circuits pending. Waiting until some finish.
Nov 23 07:20:45.000 [notice] Bootstrapped 2% (conn_done_pt): Connected to pluggable transport
Nov 23 07:20:45.000 [notice] Managed proxy "lyrebird": Using TLS SNI: sun6-21.userapi.com
Nov 23 07:20:46.000 [notice] Bootstrapped 10% (conn_done): Connected to a relay
Nov 23 07:20:46.000 [notice] Bootstrapped 14% (handshake): Handshaking with a relay
Nov 23 07:20:46.000 [notice] Bootstrapped 15% (handshake_done): Handshake with a relay done
Nov 23 07:20:46.000 [notice] Bootstrapped 20% (onehop_create): Establishing an encrypted directory connection
